[debug] [2025-02-20T05:27:26.366Z] ----------------------------------------------------------------------
[debug] [2025-02-20T05:27:26.368Z] Command:       /Users/nullzero/.nvm/versions/node/v20.11.0/bin/node /Users/nullzero/.nvm/versions/node/v20.11.0/bin/firebase init hosting
[debug] [2025-02-20T05:27:26.368Z] CLI Version:   13.31.2
[debug] [2025-02-20T05:27:26.368Z] Platform:      darwin
[debug] [2025-02-20T05:27:26.368Z] Node Version:  v20.11.0
[debug] [2025-02-20T05:27:26.368Z] Time:          Thu Feb 20 2025 15:57:26 GMT+1030 (Australian Central Daylight Time)
[debug] [2025-02-20T05:27:26.368Z] ----------------------------------------------------------------------
[debug] 
[debug] [2025-02-20T05:27:26.371Z] > command requires scopes: ["email","openid","https://www.googleapis.com/auth/cloudplatformprojects.readonly","https://www.googleapis.com/auth/firebase","https://www.googleapis.com/auth/cloud-platform"]
[debug] [2025-02-20T05:27:26.371Z] > authorizing via signed-in user (info@synavate.tech)
[info] 
     ######## #### ########  ######## ########     ###     ######  ########
     ##        ##  ##     ## ##       ##     ##  ##   ##  ##       ##
     ######    ##  ########  ######   ########  #########  ######  ######
     ##        ##  ##    ##  ##       ##     ## ##     ##       ## ##
     ##       #### ##     ## ######## ########  ##     ##  ######  ########

You're about to initialize a Firebase project in this directory:

  /Users/nullzero/Documents/PongPass/reverseProxySPA/nentropic-spa

[info] 
=== Project Setup
[info] 
[info] First, let's associate this project directory with a Firebase project.
[info] You can create multiple project aliases by running firebase use --add, 
[info] but for now we'll just set up a default project.
[info] 
[debug] [2025-02-20T05:27:27.987Z] Checked if tokens are valid: true, expires at: 1740032801058
[debug] [2025-02-20T05:27:27.987Z] Checked if tokens are valid: true, expires at: 1740032801058
[debug] [2025-02-20T05:27:27.988Z] >>> [apiv2][query] GET https://firebase.googleapis.com/v1beta1/projects pageSize=100
[debug] [2025-02-20T05:27:28.612Z] <<< [apiv2][status] GET https://firebase.googleapis.com/v1beta1/projects 200
[debug] [2025-02-20T05:27:28.612Z] <<< [apiv2][body] GET https://firebase.googleapis.com/v1beta1/projects [omitted]
[info] i  Using project fir-sso-0x0 (firebase-sso-0x0) 
[info] 
=== Hosting Setup
[debug] [2025-02-20T05:27:29.488Z] Checked if tokens are valid: true, expires at: 1740032801058
[debug] [2025-02-20T05:27:29.488Z] Checked if tokens are valid: true, expires at: 1740032801058
[debug] [2025-02-20T05:27:29.488Z] >>> [apiv2][query] GET https://firebase.googleapis.com/v1beta1/projects/fir-sso-0x0 [none]
[debug] [2025-02-20T05:27:29.891Z] <<< [apiv2][status] GET https://firebase.googleapis.com/v1beta1/projects/fir-sso-0x0 200
[debug] [2025-02-20T05:27:29.891Z] <<< [apiv2][body] GET https://firebase.googleapis.com/v1beta1/projects/fir-sso-0x0 {"projectId":"fir-sso-0x0","projectNumber":"516827253683","displayName":"firebase-sso-0x0","name":"projects/fir-sso-0x0","resources":{"hostingSite":"fir-sso-0x0"},"state":"ACTIVE","etag":"1_35307632-f56f-4de6-b226-cb5af4002979"}
[info] 
[info] Your public directory is the folder (relative to your project directory) that
[info] will contain Hosting assets to be uploaded with firebase deploy. If you
[info] have a build process for your assets, use your build's output directory.
[info] 
[info] ✔  Wrote public/404.html 
[debug] [2025-02-20T05:27:37.060Z] >>> [apiv2][query] GET https://www.gstatic.com/firebasejs/releases.json [none]
[debug] [2025-02-20T05:27:37.320Z] <<< [apiv2][status] GET https://www.gstatic.com/firebasejs/releases.json 200
[debug] [2025-02-20T05:27:37.320Z] <<< [apiv2][body] GET https://www.gstatic.com/firebasejs/releases.json {"current":{"version":"11.3.1","browserURL":"https://www.gstatic.com/firebasejs/11.3.1/firebase.js","packageURL":"https://www.gstatic.com/firebasejs/11.3.1/firebase.tgz"},"live":{"version":"11.3","browserURL":"https://www.gstatic.com/firebasejs/live/11.3/firebase.js","packageURL":"https://www.gstatic.com/firebasejs/live/11.3/firebase.tgz"},"components":{"analytics":"https://www.gstatic.com/firebasejs/11.3.1/firebase-analytics.js","app":"https://www.gstatic.com/firebasejs/11.3.1/firebase-app.js","app-check":"https://www.gstatic.com/firebasejs/11.3.1/firebase-app-check.js","auth":"https://www.gstatic.com/firebasejs/11.3.1/firebase-auth.js","auth/cordova":"https://www.gstatic.com/firebasejs/11.3.1/firebase-auth/cordova.js","auth/web-extension":"https://www.gstatic.com/firebasejs/11.3.1/firebase-auth/web-extension.js","functions":"https://www.gstatic.com/firebasejs/11.3.1/firebase-functions.js","firestore":"https://www.gstatic.com/firebasejs/11.3.1/firebase-firestore.js","firestore/lite":"https://www.gstatic.com/firebasejs/11.3.1/firebase-firestore/lite.js","installations":"https://www.gstatic.com/firebasejs/11.3.1/firebase-installations.js","storage":"https://www.gstatic.com/firebasejs/11.3.1/firebase-storage.js","performance":"https://www.gstatic.com/firebasejs/11.3.1/firebase-performance.js","remote-config":"https://www.gstatic.com/firebasejs/11.3.1/firebase-remote-config.js","messaging":"https://www.gstatic.com/firebasejs/11.3.1/firebase-messaging.js","messaging/sw":"https://www.gstatic.com/firebasejs/11.3.1/firebase-messaging/sw.js","database":"https://www.gstatic.com/firebasejs/11.3.1/firebase-database.js","vertexai":"https://www.gstatic.com/firebasejs/11.3.1/firebase-vertexai.js","data-connect":"https://www.gstatic.com/firebasejs/11.3.1/firebase-data-connect.js","firestore.memory":"https://www.gstatic.com/firebasejs/11.3.1/firebase-firestore.memory.js"}}
[info] ✔  Wrote public/index.html 
[info] 
[info] i  Didn't detect a .git folder. Assuming /Users/nullzero/Documents/PongPass/reverseProxySPA/nentropic-spa is the project root. 
[info] i  Authorizing with GitHub to upload your service account to a GitHub repository's secrets store. 
[info] 
[info] Visit this URL on this device to log in:
[info] https://github.com/login/oauth/authorize?client_id=89cf50f02ac6aaed3484&state=328260995&redirect_uri=http%3A%2F%2Flocalhost%3A9005&scope=read%3Auser%20repo%20public_repo
[info] 
[info] Waiting for authentication...
